<?xml version="1.0" encoding="UTF-8"?>
<!-- Generated by org.testng.reporters.JUnitReportReporter -->
<testsuite skipped="0" hostname="DESKTOP-041P56D" name="org.openmrs.loginpage" tests="1" failures="0" timestamp="17 Nov 2021 15:39:28 GMT" time="8.283" errors="0">
  <testcase name="webdri" time="8.283" classname="org.openmrs.loginpage"/>
</testsuite> <!-- org.openmrs.loginpage -->
