<?xml version="1.0" encoding="UTF-8"?>
<!-- Generated by org.testng.reporters.JUnitReportReporter -->
<testsuite skipped="0" hostname="DESKTOP-041P56D" name="org.my.myname" tests="1" failures="0" timestamp="14 Nov 2021 14:19:21 GMT" time="13.088" errors="0">
  <testcase name="webdri" time="13.088" classname="org.my.myname"/>
</testsuite> <!-- org.my.myname -->
