<?xml version="1.0" encoding="UTF-8"?>
<!-- Generated by org.testng.reporters.JUnitReportReporter -->
<testsuite skipped="0" hostname="DESKTOP-041P56D" name="org.parallel.windows" tests="1" failures="0" timestamp="28 Oct 2021 08:29:15 GMT" time="15.366" errors="0">
  <testcase name="test" time="15.366" classname="org.parallel.windows"/>
</testsuite> <!-- org.parallel.windows -->
