<?xml version="1.0" encoding="UTF-8"?>
<!-- Generated by org.testng.reporters.JUnitReportReporter -->
<testsuite skipped="0" hostname="DESKTOP-041P56D" name="org.data.name2" tests="2" failures="0" timestamp="12 Oct 2021 16:59:35 GMT" time="17.026" errors="0">
  <testcase name="test" time="10.118" classname="org.data.name2"/>
  <testcase name="test" time="6.908" classname="org.data.name2"/>
</testsuite> <!-- org.data.name2 -->
