<?xml version="1.0" encoding="UTF-8"?>
<!-- Generated by org.testng.reporters.JUnitReportReporter -->
<testsuite skipped="0" hostname="DESKTOP-041P56D" name="org.parallel.javascript" tests="1" failures="0" timestamp="01 Dec 2021 10:32:19 GMT" time="16.299" errors="0">
  <testcase name="test" time="16.299" classname="org.parallel.javascript"/>
</testsuite> <!-- org.parallel.javascript -->
