<?xml version="1.0" encoding="UTF-8"?>
<!-- Generated by org.testng.reporters.JUnitReportReporter -->
<testsuite skipped="0" hostname="DESKTOP-041P56D" name="org.assert1.hardassert" tests="2" failures="0" timestamp="11 Dec 2021 10:29:44 GMT" time="0.058" errors="0">
  <testcase name="ts1" time="0.036" classname="org.assert1.hardassert"/>
  <testcase name="ts2" time="0.022" classname="org.assert1.hardassert"/>
</testsuite> <!-- org.assert1.hardassert -->
